<?xml version="1.0" encoding="UTF-8"?>
<!-- Generated by org.testng.reporters.JUnitReportReporter -->
<testsuite hostname="MX-IT01115" name="com.tae.training.test.StarbucksLandingTestParameters" tests="1" failures="0" timestamp="3 Apr 2018 20:23:24 GMT" time="0.001" errors="0">
  <testcase name="testStarbucksMenuParameters" time="0.001" classname="com.tae.training.test.StarbucksLandingTestParameters"/>
</testsuite> <!-- com.tae.training.test.StarbucksLandingTestParameters -->
