<?xml version="1.0" encoding="UTF-8"?>
<!-- Generated by org.testng.reporters.JUnitReportReporter -->
<testsuite hostname="MX-IT01115" name="com.tae.training.test.StarbucksLandingTest" tests="1" failures="0" timestamp="3 Apr 2018 22:29:40 GMT" time="1.671" errors="0">
  <testcase name="testStarbucksMenuProperties" time="1.671" classname="com.tae.training.test.StarbucksLandingTest"/>
</testsuite> <!-- com.tae.training.test.StarbucksLandingTest -->
